<?xml version="1.0" encoding="UTF-8"?>
<coverage generated="1524510651020" clover="3.2.0">
  <project timestamp="1524510651020" name="All files">
    <metrics statements="15" coveredstatements="15" conditionals="14" coveredconditionals="14" methods="2" coveredmethods="2" elements="31" coveredelements="31" complexity="0" loc="15" ncloc="15" packages="1" files="1" classes="1">
      <file name="comparer.ts" path="C:\Users\ac567\Desktop\browsertest\comparer.ts">
        <metrics statements="15" coveredstatements="15" conditionals="14" coveredconditionals="14" methods="2" coveredmethods="2"/>
        <line num="1" count="1" type="stmt"/>
        <line num="2" count="10" type="cond" truecount="2" falsecount="0"/>
        <line num="3" count="3" type="stmt"/>
        <line num="5" count="7" type="stmt"/>
        <line num="6" count="7" type="cond" truecount="4" falsecount="0"/>
        <line num="7" count="3" type="stmt"/>
        <line num="9" count="4" type="cond" truecount="4" falsecount="0"/>
        <line num="10" count="1" type="stmt"/>
        <line num="13" count="3" type="cond" truecount="2" falsecount="0"/>
        <line num="14" count="1" type="stmt"/>
        <line num="16" count="2" type="cond" truecount="2" falsecount="0"/>
        <line num="17" count="1" type="stmt"/>
        <line num="19" count="1" type="stmt"/>
        <line num="23" count="1" type="stmt"/>
        <line num="30" count="1" type="stmt"/>
      </file>
    </metrics>
  </project>
</coverage>
