{"C:\\Users\\ac567\\Desktop\\browsertest\\comparer.ts": {"path":"C:\\Users\\ac567\\Desktop\\browsertest\\comparer.ts","statementMap":{"0":{"start":{"line":2,"column":4},"end":{"line":4,"column":5}},"1":{"start":{"line":3,"column":8},"end":{"line":3,"column":51}},"2":{"start":{"line":5,"column":4},"end":{"line":20,"column":5}},"3":{"start":{"line":6,"column":8},"end":{"line":8,"column":9}},"4":{"start":{"line":7,"column":12},"end":{"line":7,"column":39}},"5":{"start":{"line":9,"column":8},"end":{"line":11,"column":9}},"6":{"start":{"line":10,"column":12},"end":{"line":10,"column":65}},"7":{"start":{"line":13,"column":8},"end":{"line":15,"column":9}},"8":{"start":{"line":14,"column":12},"end":{"line":14,"column":21}},"9":{"start":{"line":16,"column":8},"end":{"line":18,"column":9}},"10":{"start":{"line":17,"column":12},"end":{"line":17,"column":22}},"11":{"start":{"line":19,"column":8},"end":{"line":19,"column":17}},"12":{"start":{"line":1,"column":0},"end":{"line":21,"column":1}},"13":{"start":{"line":23,"column":7},"end":{"line":28,"column":1}},"14":{"start":{"line":30,"column":7},"end":{"line":35,"column":1}}},"fnMap":{"0":{"name":"compare","decl":{"start":{"line":1,"column":0},"end":{"line":1,"column":23}},"loc":{"start":{"line":1,"column":40},"end":{"line":21,"column":1}}},"1":{"name":"(anonymous_1)","decl":{"start":{"line":5,"column":11},"end":{"line":5,"column":20}},"loc":{"start":{"line":5,"column":25},"end":{"line":20,"column":5}}}},"branchMap":{"0":{"loc":{"start":{"line":2,"column":4},"end":{"line":4,"column":5}},"type":"if","locations":[{"start":{"line":2,"column":4},"end":{"line":4,"column":5}},{"start":{"line":2,"column":4},"end":{"line":4,"column":5}}]},"1":{"loc":{"start":{"line":6,"column":8},"end":{"line":8,"column":9}},"type":"if","locations":[{"start":{"line":6,"column":8},"end":{"line":8,"column":9}},{"start":{"line":6,"column":8},"end":{"line":8,"column":9}}]},"2":{"loc":{"start":{"line":6,"column":11},"end":{"line":6,"column":13}},"type":"binary-expr","locations":[{"start":{"line":6,"column":11},"end":{"line":6,"column":13}},{"start":{"line":6,"column":15},"end":{"line":6,"column":17}}]},"3":{"loc":{"start":{"line":9,"column":8},"end":{"line":11,"column":9}},"type":"if","locations":[{"start":{"line":9,"column":8},"end":{"line":11,"column":9}},{"start":{"line":9,"column":8},"end":{"line":11,"column":9}}]},"4":{"loc":{"start":{"line":9,"column":20},"end":{"line":9,"column":31}},"type":"binary-expr","locations":[{"start":{"line":9,"column":20},"end":{"line":9,"column":31}},{"start":{"line":9,"column":35},"end":{"line":9,"column":46}}]},"5":{"loc":{"start":{"line":13,"column":8},"end":{"line":15,"column":9}},"type":"if","locations":[{"start":{"line":13,"column":8},"end":{"line":15,"column":9}},{"start":{"line":13,"column":8},"end":{"line":15,"column":9}}]},"6":{"loc":{"start":{"line":16,"column":8},"end":{"line":18,"column":9}},"type":"if","locations":[{"start":{"line":16,"column":8},"end":{"line":18,"column":9}},{"start":{"line":16,"column":8},"end":{"line":18,"column":9}}]}},"s":{"0":10,"1":3,"2":7,"3":7,"4":3,"5":4,"6":1,"7":3,"8":1,"9":2,"10":1,"11":1,"12":1,"13":1,"14":1},"f":{"0":10,"1":7},"b":{"0":[3,7],"1":[3,4],"2":[7,5],"3":[1,3],"4":[4,1],"5":[1,2],"6":[1,1]}}
}
